<?xml version="1.0" encoding="UTF-8" standalone="no"?>
<testsuite errors="0" failures="2" name="io.cucumber.core.plugin.JUnitFormatter" skipped="0" tests="17" time="13.808">
    <testcase classname="Program Feature" name="User creates request for a new program with the LMS API endpoint" time="6.37">
        <system-out><![CDATA[Given User creates request for the LMS API endpoint.........................passed
When User sends HTTPS Request and  request Body for new Program with mandatory ,additional fields.passed
Then User receives 201 Created Status with response body for program........passed
]]></system-out>
    </testcase>
    <testcase classname="Program Feature" name="User create program with valid endpoint and existing Program name." time="0.306">
        <system-out><![CDATA[Given User creates request for the LMS API endpoint.........................passed
When User sends HTTPS Request and  request Body for Program with existing values in program name..passed
Then User receives 400 Bad Request Status with message for existing values in program name..passed
]]></system-out>
    </testcase>
    <testcase classname="Program Feature" name="Users are able to update a program with valid programID and mandatory request body" time="0.523">
        <system-out><![CDATA[Given User creates request for the LMS API endpoint.........................passed
When User sends HTTPS Request with mandatory and additional fields to update a Program with valid program ID.passed
Then User receives 200 ok Status code with response body for update.........passed
]]></system-out>
    </testcase>
    <testcase classname="Program Feature" name="User able to update a program with valid programName and mandatory request body" time="0.468">
        <system-out><![CDATA[Given User creates request for the LMS API endpoint.........................passed
When User sends HTTPS Request with mandatory and additional fields for Program with valid program name.passed
Then User receives 200 ok Status code with response body for update.........passed
]]></system-out>
    </testcase>
    <testcase classname="Program Feature" name="User able to retrieve a program with valid programID and LMS API" time="0.31">
        <system-out><![CDATA[Given User creates request for the LMS API endpoint.........................passed
When User sends HTTPS Request to view Program with valid program ID.........passed
Then User receives 200 OK Status with response body to view Program with valid program ID.passed
]]></system-out>
    </testcase>
    <testcase classname="Program Feature" name="User able to delete a program with valid programId and mandatory request body" time="0.336">
        <system-out><![CDATA[Given User creates request for the LMS API endpoint.........................passed
When User sends HTTPS Request to delete a Program with valid program ID.....passed
Then User receive 200 Status with response body for delete a program with valid Id.passed
]]></system-out>
    </testcase>
    <testcase classname="Program Feature" name="User able to delete a program with invalid programId and mandatory request body" time="0.31">
        <system-out><![CDATA[Given User creates request for the LMS API endpoint.........................passed
When User sends HTTPS Request to delete Program with invalid program ID.....passed
Then User get 404 Status with response body for delete Program with invalid program ID.passed
]]></system-out>
    </testcase>
    <testcase classname="Program Feature" name="User tries to update a program with invalid programID and mandatory request body" time="0.497">
        <system-out><![CDATA[Given User creates request for the LMS API endpoint.........................passed
When User sends HTTPS Request with mandatory and additional fields to update Program with invalid program ID.passed
Then User receives 404 Status code with response body  to update Program with invalid program ID.passed
]]></system-out>
    </testcase>
    <testcase classname="Program Feature" name="User tries to update a program with invalid programName and mandatory request body" time="0.489">
        <system-out><![CDATA[Given User creates request for the LMS API endpoint.........................passed
When User sends HTTPS Request with mandatory and additional fields to update Program with invalid program Name.passed
Then User receives 404 Status code with response body to update Program with invalid program Name.passed
]]></system-out>
    </testcase>
    <testcase classname="Program Feature" name="User able to delete a program with invalid programName and mandatory request body" time="0.323">
        <system-out><![CDATA[Given User creates request for the LMS API endpoint.........................passed
When User sends HTTPS Request to delete Program with invalid program name...passed
Then User receives 404 Status code with response body to delete Program with invalid program name.passed
]]></system-out>
    </testcase>
    <testcase classname="Program Feature" name="User create program with missing mandatory fields." time="0.522">
        <system-out><![CDATA[Given User creates request for the LMS API endpoint.........................passed
When User sends HTTPS Request and  request Body to create program with missing mandatory fields..passed
Then User receives 400 Bad Request Status with message  to create Program with missing mandatory fields.passed
]]></system-out>
    </testcase>
    <testcase classname="Program Feature" name="User create program with missing All mandatory fields." time="0.48">
        <system-out><![CDATA[Given User creates request for the LMS API endpoint.........................passed
When User sends HTTPS Request and  request Body to create program with missing ALL mandatory fields..passed
Then User receives 400 Bad Request Status with message  to create Program with missing ALL mandatory fields.passed
]]></system-out>
    </testcase>
    <testcase classname="Program Feature" name="User creates request for a new program two with the LMS API endpoint" time="0.518">
        <system-out><![CDATA[Given User creates request for the LMS API endpoint.........................passed
When User sends HTTPS Request and  request Body for new Program with mandatory ,additional fields.passed
Then User receives 201 Created Status with response body for program........passed
]]></system-out>
    </testcase>
    <testcase classname="Program Feature" name="User tries to update a program with missing mandatory request body" time="0.461">
        <failure message="1 expectation failed.&#10;Expected status code &lt;404&gt; but was &lt;500&gt;.&#10;" type="java.lang.AssertionError"><![CDATA[Given User creates request for the LMS API endpoint.........................passed
When User sends HTTPS Request to update Program with missing mandatory fields.passed
Then User receives 400 Bad Request Status with message to update Program with missing mandatory fields.failed

StackTrace:
java.lang.AssertionError: 1 expectation failed.
Expected status code <404> but was <500>.

	at java.base/jdk.internal.reflect.DirectConstructorHandleAccessor.newInstance(DirectConstructorHandleAccessor.java:67)
	at java.base/java.lang.reflect.Constructor.newInstanceWithCaller(Constructor.java:500)
	at java.base/java.lang.reflect.Constructor.newInstance(Constructor.java:484)
	at org.codehaus.groovy.reflection.CachedConstructor.invoke(CachedConstructor.java:73)
	at org.codehaus.groovy.runtime.callsite.ConstructorSite$ConstructorSiteNoUnwrapNoCoerce.callConstructor(ConstructorSite.java:108)
	at org.codehaus.groovy.runtime.callsite.CallSiteArray.defaultCallConstructor(CallSiteArray.java:57)
	at org.codehaus.groovy.runtime.callsite.AbstractCallSite.callConstructor(AbstractCallSite.java:263)
	at org.codehaus.groovy.runtime.callsite.AbstractCallSite.callConstructor(AbstractCallSite.java:277)
	at io.restassured.internal.ResponseSpecificationImpl$HamcrestAssertionClosure.validate(ResponseSpecificationImpl.groovy:512)
	at io.restassured.internal.ResponseSpecificationImpl$HamcrestAssertionClosure$validate$1.call(Unknown Source)
	at io.restassured.internal.ResponseSpecificationImpl.validate(ResponseSpecificationImpl.groovy:101)
	at io.restassured.internal.ValidatableResponseOptionsImpl.spec(ValidatableResponseOptionsImpl.java:288)
	at api.StepDefinitions.programSD.user_receives_Bad_Request_Status_with_message_to_update_Program_with_missing_mandatory_fields(programSD.java:172)
	at ✽.User receives 400 Bad Request Status with message to update Program with missing mandatory fields(file:///C:/Users/tusha/git/LMSRestAssuredAPIAug2023/LMS_RestassuredAPI_BDD/src/test/resources/Features/program.feature:96)
]]></failure>
    </testcase>
    <testcase classname="Program Feature" name="User tries to update a program with valid Program name and missing mandatory request body" time="0.429">
        <failure message="1 expectation failed.&#10;Expected status code &lt;404&gt; but was &lt;500&gt;.&#10;" type="java.lang.AssertionError"><![CDATA[Given User creates request for the LMS API endpoint.........................passed
When User sends HTTPS Request for Program with valid Program name and missing mandatory fields.passed
Then User receives 404 Bad Request Status with message to update Program with missing mandatory fields.failed

StackTrace:
java.lang.AssertionError: 1 expectation failed.
Expected status code <404> but was <500>.

	at java.base/jdk.internal.reflect.DirectConstructorHandleAccessor.newInstance(DirectConstructorHandleAccessor.java:67)
	at java.base/java.lang.reflect.Constructor.newInstanceWithCaller(Constructor.java:500)
	at java.base/java.lang.reflect.Constructor.newInstance(Constructor.java:484)
	at org.codehaus.groovy.reflection.CachedConstructor.invoke(CachedConstructor.java:73)
	at org.codehaus.groovy.runtime.callsite.ConstructorSite$ConstructorSiteNoUnwrapNoCoerce.callConstructor(ConstructorSite.java:108)
	at org.codehaus.groovy.runtime.callsite.AbstractCallSite.callConstructor(AbstractCallSite.java:277)
	at io.restassured.internal.ResponseSpecificationImpl$HamcrestAssertionClosure.validate(ResponseSpecificationImpl.groovy:512)
	at io.restassured.internal.ResponseSpecificationImpl$HamcrestAssertionClosure$validate$1.call(Unknown Source)
	at io.restassured.internal.ResponseSpecificationImpl.validate(ResponseSpecificationImpl.groovy:101)
	at io.restassured.internal.ValidatableResponseOptionsImpl.spec(ValidatableResponseOptionsImpl.java:288)
	at api.StepDefinitions.programSD.user_receives_Bad_Request_Status_with_message_to_update_Program_with_missing_mandatory_fields(programSD.java:172)
	at ✽.User receives 404 Bad Request Status with message to update Program with missing mandatory fields(file:///C:/Users/tusha/git/LMSRestAssuredAPIAug2023/LMS_RestassuredAPI_BDD/src/test/resources/Features/program.feature:102)
]]></failure>
    </testcase>
    <testcase classname="Program Feature" name="User able to delete a program with valid programName and mandatory request body" time="0.301">
        <system-out><![CDATA[Given User creates request for the LMS API endpoint.........................passed
When User sends HTTPS Request to delete Program with valid program name.....passed
Then User receive 200 Status with response body for delete Program with valid program name.passed
]]></system-out>
    </testcase>
    <testcase classname="Program Feature" name="User tries to retrieve a program with invalid programID and LMS API" time="0.295">
        <system-out><![CDATA[Given User creates request for the LMS API endpoint.........................passed
When User sends HTTPS Request for Program with invalid program ID...........passed
Then User receives 404 Status code with response body for Program with invalid program ID.passed
]]></system-out>
    </testcase>
</testsuite>
